======================================================================
Test Start : 2025-07-24 19:28:00
DiffPackets_ErrorThreshold : 100
ErrorConsecutiveTimes_FailThreshold : 5
----------------------------------------------------------------------
[2025-07-24 19:28:14 - 2025-07-24 19:28:17] RXPacket_Diff -> 22
[2025-07-24 19:28:14 - 2025-07-24 19:28:17] ErrorTimes : 1
----------------------------------------------------------------------
[2025-07-24 19:28:17 - 2025-07-24 19:28:20] RXPacket_Diff -> 17
[2025-07-24 19:28:17 - 2025-07-24 19:28:20] ErrorTimes : 2
----------------------------------------------------------------------
[2025-07-24 19:28:21 - 2025-07-24 19:28:24] RXPacket_Diff -> 13
[2025-07-24 19:28:21 - 2025-07-24 19:28:24] ErrorTimes : 3
----------------------------------------------------------------------
[2025-07-24 19:28:24 - 2025-07-24 19:28:27] RXPacket_Diff -> 18
[2025-07-24 19:28:24 - 2025-07-24 19:28:27] ErrorTimes : 4
----------------------------------------------------------------------
[2025-07-24 19:28:34 - 2025-07-24 19:28:37] RXPacket_Diff -> 28
[2025-07-24 19:28:34 - 2025-07-24 19:28:37] ErrorTimes : 1
----------------------------------------------------------------------
[2025-07-24 19:28:44 - 2025-07-24 19:28:47] RXPacket_Diff -> 21
[2025-07-24 19:28:44 - 2025-07-24 19:28:47] ErrorTimes : 1
----------------------------------------------------------------------
[2025-07-24 19:28:54 - 2025-07-24 19:28:57] RXPacket_Diff -> 26
[2025-07-24 19:28:54 - 2025-07-24 19:28:57] ErrorTimes : 1
----------------------------------------------------------------------
