StartTime : 2025-07-29 16:18:10.717
CurrentDateTime : 2025-07-29 16:18:48.773
Wifi_SSID : 4FNN-003_5G
Wifi_Auth : wpa2
Wifi_Password : 12345678
Wifi_BSSID : 48:f8:b3:e3:d0:69
WifiConnectCount : 4
----------------------------------------------------------------------
StartTime : 2025-07-29 16:27:01.007
CurrentDateTime : 2025-07-29 16:27:01.095
Wifi_SSID : 4FNN-003_5G
Wifi_Auth : wpa2
Wifi_Password : 12345678
Wifi_BSSID : 48:f8:b3:e3:d0:69
WifiConnectCount : 1
----------------------------------------------------------------------
StartTime : 2025-07-29 16:28:54.795
CurrentDateTime : 2025-07-29 16:29:48.522
Wifi_SSID : 4FNN-003_5G
Wifi_Auth : wpa2
Wifi_Password : 12345678
Wifi_BSSID : 48:f8:b3:e3:d0:69
WifiConnectCount : 3
----------------------------------------------------------------------
StartTime : 2025-07-29 16:31:27.274
CurrentDateTime : 2025-07-29 16:31:33.090
Wifi_SSID : 4FNN-003_5G
Wifi_Auth : wpa2
Wifi_Password : 12345678
Wifi_BSSID : 48:f8:b3:e3:d0:69
WifiConnectCount : 2
----------------------------------------------------------------------
StartTime : 2025-07-29 16:33:01.219
CurrentDateTime : 2025-07-29 16:33:53.861
Wifi_SSID : 4FNN-003_5G
Wifi_Auth : wpa2
Wifi_Password : 12345678
Wifi_BSSID : 48:f8:b3:e3:d0:69
WifiConnectCount : 3
----------------------------------------------------------------------
StartTime : 2025-07-29 16:38:29.688
CurrentDateTime : 2025-07-29 16:38:29.761
Wifi_SSID : 4FNN-003_5G
Wifi_Auth : wpa2
Wifi_Password : 12345678
Wifi_BSSID : 48:f8:b3:e3:d0:69
WifiConnectCount : 1
----------------------------------------------------------------------
StartTime : 2025-07-29 16:40:01.430
CurrentDateTime : 2025-07-29 16:40:10.390
Wifi_SSID : 4FNN-003_5G
Wifi_Auth : wpa2
Wifi_Password : 12345678
Wifi_BSSID : 48:f8:b3:e3:d0:69
WifiConnectCount : 2
----------------------------------------------------------------------
StartTime : 2025-07-29 16:43:42.441
CurrentDateTime : 2025-07-29 16:43:48.345
Wifi_SSID : 4FNN-003_5G
Wifi_Auth : wpa2
Wifi_Password : 12345678
Wifi_BSSID : 48:f8:b3:e3:d0:69
WifiConnectCount : 2
----------------------------------------------------------------------
