======================================================================
======================================================================
StartTime : 2025-07-29 16:18:10.661
[2025-07-29 16:18:14.536] Ping Error StartTime: 2025-07-29 16:18:14.464
[2025-07-29 16:18:16.016] Ping Error StartTime: 2025-07-29 16:18:15.789
[2025-07-29 16:18:17.538] Ping Error StartTime: 2025-07-29 16:18:17.293
[2025-07-29 16:18:17.805] Ping Error StartTime: 2025-07-29 16:18:17.577
[2025-07-29 16:18:19.289] Ping Error StartTime: 2025-07-29 16:18:19.062
[2025-07-29 16:18:19.565] Ping Error StartTime: 2025-07-29 16:18:19.328
[2025-07-29 16:18:21.050] Ping Error StartTime: 2025-07-29 16:18:20.823
[2025-07-29 16:18:21.319] Ping Error StartTime: 2025-07-29 16:18:21.090
[2025-07-29 16:18:22.825] Ping Error StartTime: 2025-07-29 16:18:22.590
[2025-07-29 16:18:24.316] Ping Error StartTime: 2025-07-29 16:18:24.083
[2025-07-29 16:18:24.584] Ping Error StartTime: 2025-07-29 16:18:24.355
[2025-07-29 16:18:26.079] Ping Error StartTime: 2025-07-29 16:18:25.838
[2025-07-29 16:18:26.349] Ping Error StartTime: 2025-07-29 16:18:26.120
[2025-07-29 16:18:27.913] Ping Error StartTime: 2025-07-29 16:18:27.639
[2025-07-29 16:18:34.572] Ping Error EndTime: 2025-07-29 16:18:34.572
[2025-07-29 16:18:34.572] Ping Error Count: 5
----------------------------------------------------------------------
[2025-07-29 16:18:34.829] Ping Error StartTime: 2025-07-29 16:18:34.742
[2025-07-29 16:18:41.389] Ping Error EndTime: 2025-07-29 16:18:41.389
[2025-07-29 16:18:41.389] Ping Error Count: 5
----------------------------------------------------------------------
[2025-07-29 16:18:41.597] Ping Error StartTime: 2025-07-29 16:18:41.521
[2025-07-29 16:18:48.122] Ping Error EndTime: 2025-07-29 16:18:48.122
[2025-07-29 16:18:48.122] Ping Error Count: 5
----------------------------------------------------------------------
[2025-07-29 16:18:50.894] Ping Error StartTime: 2025-07-29 16:18:50.820
[2025-07-29 16:19:02.157] Ping Error EndTime: 2025-07-29 16:19:02.157
[2025-07-29 16:19:02.157] Ping Error Count: 4
----------------------------------------------------------------------
======================================================================
======================================================================
StartTime : 2025-07-29 16:27:00.956
[2025-07-29 16:27:04.831] Ping Error StartTime: 2025-07-29 16:27:04.757
[2025-07-29 16:27:06.312] Ping Error StartTime: 2025-07-29 16:27:06.083
[2025-07-29 16:27:07.822] Ping Error StartTime: 2025-07-29 16:27:07.585
[2025-07-29 16:27:08.089] Ping Error StartTime: 2025-07-29 16:27:07.860
[2025-07-29 16:27:09.587] Ping Error StartTime: 2025-07-29 16:27:09.348
[2025-07-29 16:27:09.861] Ping Error StartTime: 2025-07-29 16:27:09.625
[2025-07-29 16:27:11.352] Ping Error StartTime: 2025-07-29 16:27:11.115
[2025-07-29 16:27:12.829] Ping Error StartTime: 2025-07-29 16:27:12.605
[2025-07-29 16:27:13.109] Ping Error StartTime: 2025-07-29 16:27:12.867
[2025-07-29 16:27:14.619] Ping Error StartTime: 2025-07-29 16:27:14.369
[2025-07-29 16:27:14.889] Ping Error StartTime: 2025-07-29 16:27:14.657
[2025-07-29 16:27:16.087] Ping Error EndTime: 2025-07-29 16:27:16.087
[2025-07-29 16:27:16.087] Ping Error Count: 1
----------------------------------------------------------------------
======================================================================
======================================================================
StartTime : 2025-07-29 16:28:54.752
[2025-07-29 16:28:58.901] Ping Error StartTime: 2025-07-29 16:28:58.826
======================================================================
======================================================================
StartTime : 2025-07-29 16:31:27.229
[2025-07-29 16:31:31.519] Ping Error StartTime: 2025-07-29 16:31:31.430
======================================================================
======================================================================
StartTime : 2025-07-29 16:33:01.162
======================================================================
======================================================================
StartTime : 2025-07-29 16:38:29.661
======================================================================
======================================================================
StartTime : 2025-07-29 16:40:01.371
======================================================================
======================================================================
StartTime : 2025-07-29 16:43:42.377
