StartTime : 2025-07-29 16:18:10.661
Time : 2025-07-29 16:19:00.984
TestName : 
PassCount : 16
FailCount : 19
ResponseTotal : 227.12
ResponseAverage : 6.4
----------------------------------------------------------------------
StartTime : 2025-07-29 16:27:00.956
Time : 2025-07-29 16:27:14.928
PassCount : 13
FailCount : 1
ResponseTotal : 262.75
ResponseAverage : 18.7
----------------------------------------------------------------------
StartTime : 2025-07-29 16:28:54.752
Time : 2025-07-29 16:30:00.993
PassCount : 64
FailCount : 1
ResponseTotal : 2567.67
ResponseAverage : 39.5
----------------------------------------------------------------------
StartTime : 2025-07-29 16:31:27.229
Time : 2025-07-29 16:31:59.647
PassCount : 28
FailCount : 1
ResponseTotal : 364.69
ResponseAverage : 12.5
----------------------------------------------------------------------
StartTime : 2025-07-29 16:33:01.162
Time : 2025-07-29 16:34:00.980
PassCount : 61
FailCount : 0
ResponseTotal : 1417.07
ResponseAverage : 23.2
----------------------------------------------------------------------
StartTime : 2025-07-29 16:38:29.661
Time : 2025-07-29 16:39:01.078
PassCount : 30
FailCount : 0
ResponseTotal : 1437.46
ResponseAverage : 47.9
----------------------------------------------------------------------
StartTime : 2025-07-29 16:40:01.371
Time : 2025-07-29 16:41:01.479
PassCount : 60
FailCount : 0
ResponseTotal : 1294.27
ResponseAverage : 21.5
----------------------------------------------------------------------
StartTime : 2025-07-29 16:43:42.377
Time : 2025-07-29 16:43:59.751
PassCount : 16
FailCount : 0
ResponseTotal : 215.58
ResponseAverage : 13.4
----------------------------------------------------------------------
